Arguments: 
  /Users/amanmulani/.nvm/versions/node/v18.1.0/bin/node /opt/homebrew/bin/yarn add jest @type/jest @types/node --dev

PATH: 
  /Users/amanmulani/.asdf/shims:/opt/homebrew/opt/asdf/libexec/bin:/Users/amanmulani/.nvm/versions/node/v18.1.0/bin:/Users/amanmulani/.sdkman/candidates/kotlin/current/bin:/usr/local/bin:/usr/bin:/bin:/usr/sbin:/sbin:/Library/Apple/usr/bin:/Applications/Postgres.app/Contents/Versions/latest/bin:/Users/amanmulani/.sdkman/candidates/gradle/current/bin:/opt/homebrew/bin:/opt/homebrew/sbin:/Users/amanmulani/development/flutter/bin:/Users/amanmulani/development/sonar-scanner-4.7.0.2747-macosx/bin

Yarn version: 
  1.22.18

Node version: 
  18.1.0

Platform: 
  darwin arm64

Trace: 
  Error: https://registry.yarnpkg.com/@type%2fjest: Not found
      at params.callback [as _callback] (/opt/homebrew/lib/node_modules/yarn/lib/cli.js:66138:18)
      at self.callback (/opt/homebrew/lib/node_modules/yarn/lib/cli.js:140883:22)
      at Request.emit (node:events:527:28)
      at Request.<anonymous> (/opt/homebrew/lib/node_modules/yarn/lib/cli.js:141855:10)
      at Request.emit (node:events:527:28)
      at IncomingMessage.<anonymous> (/opt/homebrew/lib/node_modules/yarn/lib/cli.js:141777:12)
      at Object.onceWrapper (node:events:641:28)
      at IncomingMessage.emit (node:events:539:35)
      at endReadableNT (node:internal/streams/readable:1344:12)
      at process.processTicksAndRejections (node:internal/process/task_queues:82:21)

npm manifest: 
  {
    "name": "rate-limiter-node-typescript",
    "version": "1.0.0",
    "description": "A project that implements various rate limiting algorithms.",
    "main": "dist/index.js",
    "scripts": {
      "test": "",
      "dist": "rm -rf dist && tsc",
      "start": "yarn dist && node ."
    },
    "repository": {
      "type": "git",
      "url": "git+https://github.com/AmanMulani/rate-limiter-node-typescript.git"
    },
    "keywords": [
      "rate-limiter",
      "typscript",
      "sliding-window",
      "token-bucket",
      "fixed-window"
    ],
    "author": "Aman Mulani",
    "license": "ISC",
    "bugs": {
      "url": "https://github.com/AmanMulani/rate-limiter-node-typescript/issues"
    },
    "homepage": "https://github.com/AmanMulani/rate-limiter-node-typescript#readme",
    "dependencies": {}
  }

yarn manifest: 
  No manifest

Lockfile: 
  # THIS IS AN AUTOGENERATED FILE. DO NOT EDIT THIS FILE DIRECTLY.
  # yarn lockfile v1
